2024-11-29 20:29:16,129 - WARNING - Input directory not found: /path/to/your/data/egfr/ko/input
2024-11-29 20:29:16,129 - WARNING - Input directory not found: /path/to/your/data/egfr/control/input
2024-11-29 20:29:16,130 - WARNING - Input directory not found: /path/to/your/data/drug/dataset1/input
2024-11-29 20:29:16,130 - WARNING - Input directory not found: /path/to/your/data/drug/dataset2/input
2024-11-29 20:29:16,130 - WARNING - Input directory not found: /path/to/your/data/drug/dataset3/input
2024-11-29 20:30:11,391 - WARNING - Input directory not found: /mnt/data/egfr-images3/EGFR_inhibitors_and_controls/afatinib/compound-003_Plate10_compound-003_10_AA14_conc10.0/egfr/ko/input
2024-11-29 20:30:11,391 - WARNING - Input directory not found: /mnt/data/egfr-images3/EGFR_inhibitors_and_controls/afatinib/compound-003_Plate10_compound-003_10_AA14_conc10.0/egfr/control/input
2024-11-29 20:30:11,391 - WARNING - Input directory not found: /mnt/data/egfr-images3/EGFR_inhibitors_and_controls/afatinib/compound-003_Plate10_compound-003_10_AA14_conc10.0/drug/dataset1/input
2024-11-29 20:30:11,391 - WARNING - Input directory not found: /mnt/data/egfr-images3/EGFR_inhibitors_and_controls/afatinib/compound-003_Plate10_compound-003_10_AA14_conc10.0/drug/dataset2/input
2024-11-29 20:30:11,391 - WARNING - Input directory not found: /mnt/data/egfr-images3/EGFR_inhibitors_and_controls/afatinib/compound-003_Plate10_compound-003_10_AA14_conc10.0/drug/dataset3/input
2024-11-29 20:31:25,325 - WARNING - Input directory not found: /mnt/data/egfr-images3/EGFR_inhibitors_and_controls/afatinib/compound-003_Plate10_compound-003_10_AA14_conc10.0/afatinib/compound-003_Plate10_compound-003_10_AA14_conc10.0
2024-11-29 20:32:11,236 - INFO - Starting CellProfiler analysis for /mnt/data/egfr-images3/EGFR_inhibitors_and_controls/afatinib/compound-003_Plate10_compound-003_10_AA14_conc10.0
2024-11-29 20:32:11,236 - INFO - Command: cellprofiler -c -r -p /home/ubuntu/morphologic/pipelines/rxrx3.cppipe -i /mnt/data/egfr-images3/EGFR_inhibitors_and_controls/afatinib/compound-003_Plate10_compound-003_10_AA14_conc10.0 -o /mnt/data/egfr-images3/EGFR_inhibitors_and_controls/afatinib/compound-003_Plate10_compound-003_10_AA14_conc10.0 --conserve-memory
2024-11-29 20:32:13,220 - ERROR - CellProfiler process failed with return code 2
2024-11-29 20:32:13,220 - ERROR - Error message: usage: cellprofiler [arguments]
         The flags -p, -r and -c are required for a headless run.
cellprofiler: error: argument --conserve-memory: expected one argument

2024-11-29 20:32:13,221 - ERROR - Error processing /mnt/data/egfr-images3/EGFR_inhibitors_and_controls/afatinib/compound-003_Plate10_compound-003_10_AA14_conc10.0: Command '['cellprofiler', '-c', '-r', '-p', '/home/ubuntu/morphologic/pipelines/rxrx3.cppipe', '-i', '/mnt/data/egfr-images3/EGFR_inhibitors_and_controls/afatinib/compound-003_Plate10_compound-003_10_AA14_conc10.0', '-o', '/mnt/data/egfr-images3/EGFR_inhibitors_and_controls/afatinib/compound-003_Plate10_compound-003_10_AA14_conc10.0', '--conserve-memory']' returned non-zero exit status 2.
2024-11-29 20:32:13,221 - ERROR - Failed to process afatinib/compound-003_Plate10_compound-003_10_AA14_conc10.0: Command '['cellprofiler', '-c', '-r', '-p', '/home/ubuntu/morphologic/pipelines/rxrx3.cppipe', '-i', '/mnt/data/egfr-images3/EGFR_inhibitors_and_controls/afatinib/compound-003_Plate10_compound-003_10_AA14_conc10.0', '-o', '/mnt/data/egfr-images3/EGFR_inhibitors_and_controls/afatinib/compound-003_Plate10_compound-003_10_AA14_conc10.0', '--conserve-memory']' returned non-zero exit status 2.
2024-11-29 20:32:35,134 - INFO - Starting CellProfiler analysis for /mnt/data/egfr-images3/EGFR_inhibitors_and_controls/afatinib/compound-003_Plate10_compound-003_10_AA14_conc10.0
2024-11-29 20:32:35,134 - INFO - Command: cellprofiler -c -r -p /home/ubuntu/morphologic/pipelines/rxrx3.cppipe -i /mnt/data/egfr-images3/EGFR_inhibitors_and_controls/afatinib/compound-003_Plate10_compound-003_10_AA14_conc10.0 -o /mnt/data/egfr-images3/EGFR_inhibitors_and_controls/afatinib/compound-003_Plate10_compound-003_10_AA14_conc10.0/output --conserve-memory
2024-11-29 20:32:38,389 - ERROR - CellProfiler process failed with return code 2
2024-11-29 20:32:38,389 - ERROR - Error message: usage: cellprofiler [arguments]
         The flags -p, -r and -c are required for a headless run.
cellprofiler: error: argument --conserve-memory: expected one argument

2024-11-29 20:32:38,389 - ERROR - Error processing /mnt/data/egfr-images3/EGFR_inhibitors_and_controls/afatinib/compound-003_Plate10_compound-003_10_AA14_conc10.0: Command '['cellprofiler', '-c', '-r', '-p', '/home/ubuntu/morphologic/pipelines/rxrx3.cppipe', '-i', '/mnt/data/egfr-images3/EGFR_inhibitors_and_controls/afatinib/compound-003_Plate10_compound-003_10_AA14_conc10.0', '-o', '/mnt/data/egfr-images3/EGFR_inhibitors_and_controls/afatinib/compound-003_Plate10_compound-003_10_AA14_conc10.0/output', '--conserve-memory']' returned non-zero exit status 2.
2024-11-29 20:32:38,389 - ERROR - Failed to process afatinib/compound-003_Plate10_compound-003_10_AA14_conc10.0: Command '['cellprofiler', '-c', '-r', '-p', '/home/ubuntu/morphologic/pipelines/rxrx3.cppipe', '-i', '/mnt/data/egfr-images3/EGFR_inhibitors_and_controls/afatinib/compound-003_Plate10_compound-003_10_AA14_conc10.0', '-o', '/mnt/data/egfr-images3/EGFR_inhibitors_and_controls/afatinib/compound-003_Plate10_compound-003_10_AA14_conc10.0/output', '--conserve-memory']' returned non-zero exit status 2.
2024-11-29 20:34:13,838 - INFO - Starting CellProfiler analysis for /mnt/data/egfr-images3/EGFR_inhibitors_and_controls/afatinib/compound-003_Plate10_compound-003_10_AA14_conc10.0
2024-11-29 20:34:13,838 - INFO - Command: cellprofiler -c -r -p /home/ubuntu/morphologic/pipelines/rxrx3.cppipe -i /mnt/data/egfr-images3/EGFR_inhibitors_and_controls/afatinib/compound-003_Plate10_compound-003_10_AA14_conc10.0 -o /mnt/data/egfr-images3/EGFR_inhibitors_and_controls/afatinib/compound-003_Plate10_compound-003_10_AA14_conc10.0/output
2024-11-29 20:36:16,631 - INFO - Successfully completed analysis for /mnt/data/egfr-images3/EGFR_inhibitors_and_controls/afatinib/compound-003_Plate10_compound-003_10_AA14_conc10.0
2024-11-29 21:03:15,983 - ERROR - Script failed: 'str' object has no attribute 'glob'
2024-11-29 21:03:38,566 - ERROR - Script failed: 
2024-11-29 21:03:46,941 - INFO - Starting CellProfiler analysis for /mnt/data/egfr-images3/EGFR_inhibitors_and_controls/Lapatinib/compound-004_Plate24_compound-004_24_AD20_conc0.025
2024-11-29 21:03:46,941 - INFO - Command: cellprofiler -c -r -p /home/ubuntu/morphologic/pipelines/rxrx3.cppipe -i /mnt/data/egfr-images3/EGFR_inhibitors_and_controls/Lapatinib/compound-004_Plate24_compound-004_24_AD20_conc0.025 -o /mnt/data/egfr-images3/EGFR_inhibitors_and_controls/Lapatinib/compound-004_Plate24_compound-004_24_AD20_conc0.025/output
2024-11-29 21:05:14,160 - INFO - Successfully completed analysis for /mnt/data/egfr-images3/EGFR_inhibitors_and_controls/Lapatinib/compound-004_Plate24_compound-004_24_AD20_conc0.025
2024-11-29 21:05:14,161 - INFO - Starting CellProfiler analysis for /mnt/data/egfr-images3/EGFR_inhibitors_and_controls/Lapatinib/compound-004_Plate15_compound-004_15_AE09_conc0.25
2024-11-29 21:05:14,161 - INFO - Command: cellprofiler -c -r -p /home/ubuntu/morphologic/pipelines/rxrx3.cppipe -i /mnt/data/egfr-images3/EGFR_inhibitors_and_controls/Lapatinib/compound-004_Plate15_compound-004_15_AE09_conc0.25 -o /mnt/data/egfr-images3/EGFR_inhibitors_and_controls/Lapatinib/compound-004_Plate15_compound-004_15_AE09_conc0.25/output
2024-11-29 21:06:40,875 - INFO - Successfully completed analysis for /mnt/data/egfr-images3/EGFR_inhibitors_and_controls/Lapatinib/compound-004_Plate15_compound-004_15_AE09_conc0.25
2024-11-29 21:06:40,876 - INFO - Starting CellProfiler analysis for /mnt/data/egfr-images3/EGFR_inhibitors_and_controls/Lapatinib/compound-004_Plate15_compound-004_15_Q38_conc10.0
2024-11-29 21:06:40,876 - INFO - Command: cellprofiler -c -r -p /home/ubuntu/morphologic/pipelines/rxrx3.cppipe -i /mnt/data/egfr-images3/EGFR_inhibitors_and_controls/Lapatinib/compound-004_Plate15_compound-004_15_Q38_conc10.0 -o /mnt/data/egfr-images3/EGFR_inhibitors_and_controls/Lapatinib/compound-004_Plate15_compound-004_15_Q38_conc10.0/output
2024-11-29 21:08:20,573 - INFO - Successfully completed analysis for /mnt/data/egfr-images3/EGFR_inhibitors_and_controls/Lapatinib/compound-004_Plate15_compound-004_15_Q38_conc10.0
2024-11-29 21:08:20,574 - INFO - Starting CellProfiler analysis for /mnt/data/egfr-images3/EGFR_inhibitors_and_controls/Lapatinib/compound-004_Plate18_compound-004_18_X45_conc0.025
2024-11-29 21:08:20,574 - INFO - Command: cellprofiler -c -r -p /home/ubuntu/morphologic/pipelines/rxrx3.cppipe -i /mnt/data/egfr-images3/EGFR_inhibitors_and_controls/Lapatinib/compound-004_Plate18_compound-004_18_X45_conc0.025 -o /mnt/data/egfr-images3/EGFR_inhibitors_and_controls/Lapatinib/compound-004_Plate18_compound-004_18_X45_conc0.025/output
